! Started logfile: ../data/F/difmap-sc/HR1099/HR1099F-I-sc.log on Mon Oct  2 08:10:56 2023
obs ../data/F/difmap-sc/HR1099/HR1099F-I-sc.uvf
! Reading UV FITS file: ../data/F/difmap-sc/HR1099/HR1099F-I-sc.uvf
! AN table 1: 7678 integrations on 45 of 45 possible baselines.
! Apparent sampling: 0.415059 visibilities/baseline/integration-bin.
! *** This seems a bit low - see "help observe" on the binwid argument.
! Found source: HR1099
! 
! There is 1 IF, and a total of 1 channel:
! 
!  IF  Channel    Frequency  Freq offset  Number of   Overall IF
!       origin    at origin  per channel   channels    bandwidth
!  ------------------------------------------------------------- (Hz)
!  01        1  2.22199e+10     2.56e+08          1     2.56e+08
! 
! Polarization(s): RR LL
! 
! Read 482 lines of history.
! 
! Reading 286814 visibilities.
select I
! Selecting polarization: I,  channels: 1..1
! Reading IF 1 channels: 1..1
![@muppet ../data/F/difmap-sc/HR1099/HR1099F-I-sc,2]
float field_size
field_size = 2048
float field_cell
field_cell = 0.0125
integer clean_niter
clean_niter = 50
float clean_gain
clean_gain = 0.03
float dynam
dynam = 6.0
float soltime
soltime = 30
float thresh
thresh = 0.5
float win_mult
win_mult = 1.8
float limit_amp
limit_amp = 0.0
float old_peak
float new_peak
float flux_cutoff
mapsize field_size, field_cell
! Map grid = 2048x2048 pixels with 0.0125x0.0125 milli-arcsec cellsize.
startmod
! Applying default point source starting model.
! Performing phase self-cal
! Adding 1 model components to the UV plane model.
! The established model now contains 1 components and 1 Jy
! 
! Correcting IF 1.
!  A total of 29791 telescope corrections were flagged in sub-array 1.
! 
! Fit before self-cal, rms=0.999167Jy  sigma=54.904471
! Fit after  self-cal, rms=0.987884Jy  sigma=54.313412
! clrmod: Cleared the established, tentative and continuum models.
! Redundant starting model cleared.
uvw 2,-1
! Uniform weighting binwidth: 2 (pixels).
! Gridding weights will be scaled by errors raised to the power -1.
! Radial weighting is not currently selected.
selflims limit_amp,0
! Selfcal amplitude corrections will not be limited.
! Selfcal phase corrections will not be limited.
! Selfcal will discard corrections that exceed limits.
flux_cutoff = imstat(rms) * dynam
! Inverting map and beam 
! Estimated beam: bmin=0.34 mas, bmaj=0.7166 mas, bpa=-3.359 degrees
! Estimated noise=0.0586763 mJy/beam.
repeat
  if (peak(flux) > flux_cutoff) peakwin win_mult
  clean clean_niter,clean_gain
  flux_cutoff = imstat(rms) * dynam
  selfcal
  new_peak = peak(flux)
  until(new_peak<=flux_cutoff)
! Added new window around map position (0, 0).
! clean: niter=50  gain=0.03  cutoff=0
! Component: 050  -  total flux cleaned = 0.00879376 Jy
! Total flux subtracted in 50 components = 0.00879376 Jy
! Clean residual min=-0.001628 max=0.002763 Jy/beam
! Clean residual mean=0.000110 rms=0.000409 Jy/beam
! Combined flux in latest and established models = 0.00879376 Jy
! Performing phase self-cal
! Adding 12 model components to the UV plane model.
! The established model now contains 12 components and 0.00879376 Jy
! 
! Correcting IF 1.
! 
! Fit before self-cal, rms=0.023730Jy  sigma=1.240777
! Fit after  self-cal, rms=0.022722Jy  sigma=1.194103
! Inverting map 
! clean: niter=50  gain=0.03  cutoff=0
! Component: 050  -  total flux cleaned = 0.00466657 Jy
! Total flux subtracted in 50 components = 0.00466657 Jy
! Clean residual min=-0.000914 max=0.001873 Jy/beam
! Clean residual mean=0.000087 rms=0.000309 Jy/beam
! Combined flux in latest and established models = 0.0134603 Jy
! Performing phase self-cal
! Adding 21 model components to the UV plane model.
! The established model now contains 31 components and 0.0134603 Jy
! 
! Correcting IF 1.
! 
! Fit before self-cal, rms=0.021802Jy  sigma=1.127673
! Fit after  self-cal, rms=0.021799Jy  sigma=1.127333
! Inverting map 
! clean: niter=50  gain=0.03  cutoff=0
! Component: 050  -  total flux cleaned = 0.0021662 Jy
! Total flux subtracted in 50 components = 0.0021662 Jy
! Clean residual min=-0.000785 max=0.001192 Jy/beam
! Clean residual mean=0.000076 rms=0.000263 Jy/beam
! Combined flux in latest and established models = 0.0156265 Jy
! Performing phase self-cal
! Adding 15 model components to the UV plane model.
! The established model now contains 46 components and 0.0156265 Jy
! 
! Correcting IF 1.
! 
! Fit before self-cal, rms=0.021570Jy  sigma=1.107804
! Fit after  self-cal, rms=0.021559Jy  sigma=1.107232
! Inverting map 
print "************** FINISHED UNIFORM WEIGHTING CLEAN **************"
! ************** FINISHED UNIFORM WEIGHTING CLEAN ************** 
! 
uvw 0,-1
! Uniform weighting is not currently selected.
! Gridding weights will be scaled by errors raised to the power -1.
! Radial weighting is not currently selected.
win_mult = win_mult * 1.6
clean_niter = clean_niter * 2
dynam = dynam - 0.5
flux_cutoff = imstat(rms) * dynam
! Inverting map and beam 
! Estimated beam: bmin=0.3789 mas, bmaj=0.8657 mas, bpa=-3.26 degrees
! Estimated noise=0.0347212 mJy/beam.
repeat
  if (peak(flux) > flux_cutoff) peakwin win_mult
  clean clean_niter,clean_gain
  flux_cutoff = imstat(rms) * dynam
  selfcal
  new_peak = peak(flux)
  until(new_peak<=flux_cutoff)
! clean: niter=100  gain=0.03  cutoff=0
! Component: 050  -  total flux cleaned = 0.0025841 Jy
! Component: 100  -  total flux cleaned = 0.00403478 Jy
! Total flux subtracted in 100 components = 0.00403478 Jy
! Clean residual min=-0.001004 max=0.001605 Jy/beam
! Clean residual mean=0.000125 rms=0.000504 Jy/beam
! Combined flux in latest and established models = 0.0196613 Jy
! Performing phase self-cal
! Adding 39 model components to the UV plane model.
! The established model now contains 84 components and 0.0196613 Jy
! 
! Correcting IF 1.
! 
! Fit before self-cal, rms=0.021349Jy  sigma=1.085852
! Fit after  self-cal, rms=0.021327Jy  sigma=1.084570
! Inverting map 
print "************** FINISHED NATURAL WEIGHTING CLEAN **************"
! ************** FINISHED NATURAL WEIGHTING CLEAN ************** 
! 
gscale true
! Performing overall amplitude self-cal
! 
! Correcting IF 1.
!  A total of 1443 telescope corrections were flagged in sub-array 1.
!  Telescope amplitude corrections in sub-array 1:
!   BR        1.11     FD        0.97     HN        1.01     KP        1.00*    
!   LA        0.83     MK        1.03     NL        1.22     OV        1.22     
!   PT        0.82     SC        1.07     
! 
! 
! Fit before self-cal, rms=0.021327Jy  sigma=1.084570
! Fit after  self-cal, rms=0.023275Jy  sigma=1.069992
dynam = dynam - 0.5
flux_cutoff = imstat(rms) * dynam
! Inverting map and beam 
! Estimated beam: bmin=0.3871 mas, bmaj=0.9071 mas, bpa=-3.664 degrees
! Estimated noise=0.0339465 mJy/beam.
repeat
  if (peak(flux) > flux_cutoff) peakwin win_mult
  clean clean_niter,clean_gain
  flux_cutoff = imstat(rms) * dynam
  selfcal
  new_peak = peak(flux)
  until(new_peak<=flux_cutoff)
! Added new window around map position (-0.275, 3.45).
! clean: niter=100  gain=0.03  cutoff=0
! Component: 050  -  total flux cleaned = 0.00113581 Jy
! Component: 100  -  total flux cleaned = 0.00125305 Jy
! Total flux subtracted in 100 components = 0.00125305 Jy
! Clean residual min=-0.000503 max=0.000726 Jy/beam
! Clean residual mean=0.000008 rms=0.000142 Jy/beam
! Combined flux in latest and established models = 0.0209144 Jy
! Performing phase self-cal
! Adding 15 model components to the UV plane model.
! The established model now contains 99 components and 0.0209144 Jy
! 
! Correcting IF 1.
! 
! Fit before self-cal, rms=0.023220Jy  sigma=1.066700
! Fit after  self-cal, rms=0.023377Jy  sigma=1.064518
! Inverting map 
! Added new window around map position (-0.65, 1.0875).
! clean: niter=100  gain=0.03  cutoff=0
! Component: 050  -  total flux cleaned = 0.000565525 Jy
! Component: 100  -  total flux cleaned = 0.000598082 Jy
! Total flux subtracted in 100 components = 0.000598082 Jy
! Clean residual min=-0.000419 max=0.000462 Jy/beam
! Clean residual mean=0.000004 rms=0.000121 Jy/beam
! Combined flux in latest and established models = 0.0215124 Jy
! Performing phase self-cal
! Adding 40 model components to the UV plane model.
! The established model now contains 138 components and 0.0215124 Jy
! 
! Correcting IF 1.
! 
! Fit before self-cal, rms=0.023356Jy  sigma=1.063235
! Fit after  self-cal, rms=0.023336Jy  sigma=1.062839
! Inverting map 
selfcal true, true, soltime
! Performing amp+phase self-cal over 30 minute time intervals
! 
! Correcting IF 1.
! 
! Fit before self-cal, rms=0.023336Jy  sigma=1.062839
! Fit after  self-cal, rms=0.023378Jy  sigma=1.061376
dynam = dynam - 0.75
clean clean_niter,clean_gain
! Inverting map and beam 
! Estimated beam: bmin=0.3847 mas, bmaj=0.9031 mas, bpa=-3.734 degrees
! Estimated noise=0.0336318 mJy/beam.
! clean: niter=100  gain=0.03  cutoff=0
! Component: 050  -  total flux cleaned = 0.000366641 Jy
! Component: 100  -  total flux cleaned = 0.000395116 Jy
! Total flux subtracted in 100 components = 0.000395116 Jy
! Clean residual min=-0.000366 max=0.000387 Jy/beam
! Clean residual mean=-0.000005 rms=0.000097 Jy/beam
! Combined flux in latest and established models = 0.0219076 Jy
selfcal
! Performing phase self-cal
! Adding 41 model components to the UV plane model.
! The established model now contains 173 components and 0.0219076 Jy
! 
! Correcting IF 1.
! 
! Fit before self-cal, rms=0.023364Jy  sigma=1.060689
! Fit after  self-cal, rms=0.023364Jy  sigma=1.060382
flux_cutoff = imstat(rms) * dynam
! Inverting map 
repeat
  if (peak(flux) > flux_cutoff) peakwin win_mult
  clean clean_niter,clean_gain
  flux_cutoff = imstat(rms) * dynam
  selfcal
  new_peak = peak(flux)
  until(new_peak<=flux_cutoff)
! Added new window around map position (0.8375, -5.2125).
! clean: niter=100  gain=0.03  cutoff=0
! Component: 050  -  total flux cleaned = 0.000286518 Jy
! Component: 100  -  total flux cleaned = 0.000339467 Jy
! Total flux subtracted in 100 components = 0.000339467 Jy
! Clean residual min=-0.000349 max=0.000311 Jy/beam
! Clean residual mean=-0.000008 rms=0.000094 Jy/beam
! Combined flux in latest and established models = 0.022247 Jy
! Performing phase self-cal
! Adding 30 model components to the UV plane model.
! The established model now contains 197 components and 0.022247 Jy
! 
! Correcting IF 1.
! 
! Fit before self-cal, rms=0.023352Jy  sigma=1.059903
! Fit after  self-cal, rms=0.023331Jy  sigma=1.059744
! Inverting map 
print "************** FINISHED AMPLITUDE SELF-CAL **************"
! ************** FINISHED AMPLITUDE SELF-CAL ************** 
restore
! restore: Substituting estimate of restoring beam from last 'invert'.
! Restoring with beam: 0.3847 x 0.9031 at -3.734 degrees (North through East)
! Clean map  min=-0.00049331  max=0.014167 Jy/beam
if(peak(flux) > thresh)
  selfcal true, true
  clean clean_niter,clean_gain
  selfcal
  flux_cutoff = imstat(rms) * dynam
  repeat
    if (peak(flux) > flux_cutoff) peakwin win_mult
    clean clean_niter,clean_gain
    flux_cutoff = imstat(rms) * dynam
    selfcal
    new_peak = peak(flux)
    until(new_peak<=flux_cutoff)
  selfcal true, true
  end if
print "************** CLEARING MODEL AND STARTING OVER **********"
! ************** CLEARING MODEL AND STARTING OVER ********** 
clrmod true
! clrmod: Cleared the established and tentative models.
flux_cutoff = imstat(rms) * dynam
! Inverting map 
repeat
  if (peak(flux) > flux_cutoff) peakwin win_mult
  clean clean_niter,clean_gain
  flux_cutoff = imstat(rms) * dynam
  keep
  new_peak = peak(flux)
  until(new_peak<=flux_cutoff)
! clean: niter=100  gain=0.03  cutoff=0
! Component: 050  -  total flux cleaned = 0.0117363 Jy
! Component: 100  -  total flux cleaned = 0.0158816 Jy
! Total flux subtracted in 100 components = 0.0158816 Jy
! Clean residual min=-0.000956 max=0.001887 Jy/beam
! Clean residual mean=0.000089 rms=0.000437 Jy/beam
! Combined flux in latest and established models = 0.0158816 Jy
! Adding 27 model components to the UV plane model.
! The established model now contains 27 components and 0.0158816 Jy
! Inverting map 
! clean: niter=100  gain=0.03  cutoff=0
! Component: 050  -  total flux cleaned = 0.00216925 Jy
! Component: 100  -  total flux cleaned = 0.00350406 Jy
! Total flux subtracted in 100 components = 0.00350406 Jy
! Clean residual min=-0.000693 max=0.000756 Jy/beam
! Clean residual mean=0.000033 rms=0.000210 Jy/beam
! Combined flux in latest and established models = 0.0193857 Jy
! Adding 24 model components to the UV plane model.
! The established model now contains 46 components and 0.0193857 Jy
! Inverting map 
clean
! clean: niter=100  gain=0.03  cutoff=0
! Component: 050  -  total flux cleaned = 0.000934206 Jy
! Component: 100  -  total flux cleaned = 0.00133995 Jy
! Total flux subtracted in 100 components = 0.00133995 Jy
! Clean residual min=-0.000598 max=0.000512 Jy/beam
! Clean residual mean=0.000015 rms=0.000147 Jy/beam
! Combined flux in latest and established models = 0.0207256 Jy
selfcal
! Performing phase self-cal
! Adding 44 model components to the UV plane model.
! The established model now contains 85 components and 0.0207256 Jy
! 
! Correcting IF 1.
! 
! Fit before self-cal, rms=0.023361Jy  sigma=1.061544
! Fit after  self-cal, rms=0.023378Jy  sigma=1.061213
x = (field_size-8) * field_cell / 4
addwin -x,x,-x,x
clean (field_size*4),0.01
! Inverting map 
! clean: niter=8192  gain=0.01  cutoff=0
! Component: 050  -  total flux cleaned = 1.38947e-05 Jy
! Component: 100  -  total flux cleaned = -2.14341e-06 Jy
! Component: 150  -  total flux cleaned = 1.28031e-05 Jy
! Component: 200  -  total flux cleaned = 3.34646e-05 Jy
! Component: 250  -  total flux cleaned = 3.97856e-05 Jy
! Component: 300  -  total flux cleaned = 4.58325e-05 Jy
! Component: 350  -  total flux cleaned = 3.97052e-05 Jy
! Component: 400  -  total flux cleaned = 5.10326e-05 Jy
! Component: 450  -  total flux cleaned = 7.27997e-05 Jy
! Component: 500  -  total flux cleaned = 9.38087e-05 Jy
! Component: 550  -  total flux cleaned = 9.9007e-05 Jy
! Component: 600  -  total flux cleaned = 0.000123572 Jy
! Component: 650  -  total flux cleaned = 0.000142504 Jy
! Component: 700  -  total flux cleaned = 0.000156252 Jy
! Component: 750  -  total flux cleaned = 0.000160699 Jy
! Component: 800  -  total flux cleaned = 0.00017374 Jy
! Component: 850  -  total flux cleaned = 0.000173665 Jy
! Component: 900  -  total flux cleaned = 0.000186101 Jy
! Component: 950  -  total flux cleaned = 0.000202323 Jy
! Component: 1000  -  total flux cleaned = 0.000218281 Jy
! Component: 1050  -  total flux cleaned = 0.000245458 Jy
! Component: 1100  -  total flux cleaned = 0.000272105 Jy
! Component: 1150  -  total flux cleaned = 0.000301965 Jy
! Component: 1200  -  total flux cleaned = 0.000334856 Jy
! Component: 1250  -  total flux cleaned = 0.000367032 Jy
! Component: 1300  -  total flux cleaned = 0.000388081 Jy
! Component: 1350  -  total flux cleaned = 0.000415642 Jy
! Component: 1400  -  total flux cleaned = 0.000439265 Jy
! Component: 1450  -  total flux cleaned = 0.000459164 Jy
! Component: 1500  -  total flux cleaned = 0.000481954 Jy
! Component: 1550  -  total flux cleaned = 0.000501148 Jy
! Component: 1600  -  total flux cleaned = 0.000510575 Jy
! Component: 1650  -  total flux cleaned = 0.000526072 Jy
! Component: 1700  -  total flux cleaned = 0.00053525 Jy
! Component: 1750  -  total flux cleaned = 0.000553307 Jy
! Component: 1800  -  total flux cleaned = 0.000562223 Jy
! Component: 1850  -  total flux cleaned = 0.00057976 Jy
! Component: 1900  -  total flux cleaned = 0.000602661 Jy
! Component: 1950  -  total flux cleaned = 0.000611121 Jy
! Component: 2000  -  total flux cleaned = 0.000627803 Jy
! Component: 2050  -  total flux cleaned = 0.000638815 Jy
! Component: 2100  -  total flux cleaned = 0.000655079 Jy
! Component: 2150  -  total flux cleaned = 0.000673744 Jy
! Component: 2200  -  total flux cleaned = 0.000681625 Jy
! Component: 2250  -  total flux cleaned = 0.000694651 Jy
! Component: 2300  -  total flux cleaned = 0.000710052 Jy
! Component: 2350  -  total flux cleaned = 0.000720214 Jy
! Component: 2400  -  total flux cleaned = 0.000737756 Jy
! Component: 2450  -  total flux cleaned = 0.000752607 Jy
! Component: 2500  -  total flux cleaned = 0.000762404 Jy
! Component: 2550  -  total flux cleaned = 0.000772085 Jy
! Component: 2600  -  total flux cleaned = 0.000781667 Jy
! Component: 2650  -  total flux cleaned = 0.000791143 Jy
! Component: 2700  -  total flux cleaned = 0.000805212 Jy
! Component: 2750  -  total flux cleaned = 0.000809858 Jy
! Component: 2800  -  total flux cleaned = 0.000821355 Jy
! Component: 2850  -  total flux cleaned = 0.000830448 Jy
! Component: 2900  -  total flux cleaned = 0.000839464 Jy
! Component: 2950  -  total flux cleaned = 0.000852849 Jy
! Component: 3000  -  total flux cleaned = 0.000857259 Jy
! Component: 3050  -  total flux cleaned = 0.000866025 Jy
! Component: 3100  -  total flux cleaned = 0.000879034 Jy
! Component: 3150  -  total flux cleaned = 0.000885473 Jy
! Component: 3200  -  total flux cleaned = 0.000889746 Jy
! Component: 3250  -  total flux cleaned = 0.000900319 Jy
! Component: 3300  -  total flux cleaned = 0.000908669 Jy
! Component: 3350  -  total flux cleaned = 0.000914902 Jy
! Component: 3400  -  total flux cleaned = 0.000925169 Jy
! Component: 3450  -  total flux cleaned = 0.000933269 Jy
! Component: 3500  -  total flux cleaned = 0.000939285 Jy
! Component: 3550  -  total flux cleaned = 0.000943268 Jy
! Component: 3600  -  total flux cleaned = 0.000947234 Jy
! Component: 3650  -  total flux cleaned = 0.000957051 Jy
! Component: 3700  -  total flux cleaned = 0.000964811 Jy
! Component: 3750  -  total flux cleaned = 0.000964798 Jy
! Component: 3800  -  total flux cleaned = 0.000974333 Jy
! Component: 3850  -  total flux cleaned = 0.000976238 Jy
! Component: 3900  -  total flux cleaned = 0.000987543 Jy
! Component: 3950  -  total flux cleaned = 0.000996876 Jy
! Component: 4000  -  total flux cleaned = 0.00100613 Jy
! Component: 4050  -  total flux cleaned = 0.00100798 Jy
! Component: 4100  -  total flux cleaned = 0.0010171 Jy
! Component: 4150  -  total flux cleaned = 0.00102975 Jy
! Component: 4200  -  total flux cleaned = 0.00103689 Jy
! Component: 4250  -  total flux cleaned = 0.00104578 Jy
! Component: 4300  -  total flux cleaned = 0.00105459 Jy
! Component: 4350  -  total flux cleaned = 0.00105809 Jy
! Component: 4400  -  total flux cleaned = 0.0010633 Jy
! Component: 4450  -  total flux cleaned = 0.00107021 Jy
! Component: 4500  -  total flux cleaned = 0.00107533 Jy
! Component: 4550  -  total flux cleaned = 0.00107873 Jy
! Component: 4600  -  total flux cleaned = 0.0010821 Jy
! Component: 4650  -  total flux cleaned = 0.00108543 Jy
! Component: 4700  -  total flux cleaned = 0.00109209 Jy
! Component: 4750  -  total flux cleaned = 0.00109706 Jy
! Component: 4800  -  total flux cleaned = 0.00110529 Jy
! Component: 4850  -  total flux cleaned = 0.0011151 Jy
! Component: 4900  -  total flux cleaned = 0.00112322 Jy
! Component: 4950  -  total flux cleaned = 0.00113129 Jy
! Component: 5000  -  total flux cleaned = 0.0011377 Jy
! Component: 5050  -  total flux cleaned = 0.00114885 Jy
! Component: 5100  -  total flux cleaned = 0.00115676 Jy
! Component: 5150  -  total flux cleaned = 0.00116619 Jy
! Component: 5200  -  total flux cleaned = 0.00117399 Jy
! Component: 5250  -  total flux cleaned = 0.00118178 Jy
! Component: 5300  -  total flux cleaned = 0.00118795 Jy
! Component: 5350  -  total flux cleaned = 0.00120024 Jy
! Component: 5400  -  total flux cleaned = 0.0012109 Jy
! Component: 5450  -  total flux cleaned = 0.00121091 Jy
! Component: 5500  -  total flux cleaned = 0.001223 Jy
! Component: 5550  -  total flux cleaned = 0.00123351 Jy
! Component: 5600  -  total flux cleaned = 0.00124247 Jy
! Component: 5650  -  total flux cleaned = 0.00125434 Jy
! Component: 5700  -  total flux cleaned = 0.00126616 Jy
! Component: 5750  -  total flux cleaned = 0.00127202 Jy
! Component: 5800  -  total flux cleaned = 0.0012764 Jy
! Component: 5850  -  total flux cleaned = 0.00128512 Jy
! Component: 5900  -  total flux cleaned = 0.00129668 Jy
! Component: 5950  -  total flux cleaned = 0.00130531 Jy
! Component: 6000  -  total flux cleaned = 0.00131389 Jy
! Component: 6050  -  total flux cleaned = 0.001321 Jy
! Component: 6100  -  total flux cleaned = 0.00133515 Jy
! Component: 6150  -  total flux cleaned = 0.00134642 Jy
! Component: 6200  -  total flux cleaned = 0.00135342 Jy
! Component: 6250  -  total flux cleaned = 0.00135902 Jy
! Component: 6300  -  total flux cleaned = 0.00137152 Jy
! Component: 6350  -  total flux cleaned = 0.00138945 Jy
! Component: 6400  -  total flux cleaned = 0.0013963 Jy
! Component: 6450  -  total flux cleaned = 0.00140587 Jy
! Component: 6500  -  total flux cleaned = 0.0014181 Jy
! Component: 6550  -  total flux cleaned = 0.00142892 Jy
! Component: 6600  -  total flux cleaned = 0.00143834 Jy
! Component: 6650  -  total flux cleaned = 0.00145039 Jy
! Component: 6700  -  total flux cleaned = 0.00145838 Jy
! Component: 6750  -  total flux cleaned = 0.00146898 Jy
! Component: 6800  -  total flux cleaned = 0.00148217 Jy
! Component: 6850  -  total flux cleaned = 0.00149399 Jy
! Component: 6900  -  total flux cleaned = 0.00150445 Jy
! Component: 6950  -  total flux cleaned = 0.00151486 Jy
! Component: 7000  -  total flux cleaned = 0.00152782 Jy
! Component: 7050  -  total flux cleaned = 0.0015317 Jy
! Component: 7100  -  total flux cleaned = 0.0015484 Jy
! Component: 7150  -  total flux cleaned = 0.00155863 Jy
! Component: 7200  -  total flux cleaned = 0.00156754 Jy
! Component: 7250  -  total flux cleaned = 0.00157896 Jy
! Component: 7300  -  total flux cleaned = 0.00159159 Jy
! Component: 7350  -  total flux cleaned = 0.00160417 Jy
! Component: 7400  -  total flux cleaned = 0.00161794 Jy
! Component: 7450  -  total flux cleaned = 0.00162792 Jy
! Component: 7500  -  total flux cleaned = 0.00163785 Jy
! Component: 7550  -  total flux cleaned = 0.00165145 Jy
! Component: 7600  -  total flux cleaned = 0.00165884 Jy
! Component: 7650  -  total flux cleaned = 0.00166865 Jy
! Component: 7700  -  total flux cleaned = 0.00168209 Jy
! Component: 7750  -  total flux cleaned = 0.00168817 Jy
! Component: 7800  -  total flux cleaned = 0.00170151 Jy
! Component: 7850  -  total flux cleaned = 0.0017136 Jy
! Component: 7900  -  total flux cleaned = 0.00172083 Jy
! Component: 7950  -  total flux cleaned = 0.00173522 Jy
! Component: 8000  -  total flux cleaned = 0.00174 Jy
! Component: 8050  -  total flux cleaned = 0.00174714 Jy
! Component: 8100  -  total flux cleaned = 0.0017602 Jy
! Component: 8150  -  total flux cleaned = 0.00177202 Jy
! Total flux subtracted in 8192 components = 0.00177791 Jy
! Clean residual min=-0.000067 max=0.000066 Jy/beam
! Clean residual mean=0.000000 rms=0.000028 Jy/beam
! Combined flux in latest and established models = 0.0225035 Jy
keep
! Adding 1308 model components to the UV plane model.
! The established model now contains 1392 components and 0.0225036 Jy
device ../data/F/difmap-sc/HR1099/HR1099F-I-sc.ps/vps
! Attempting to open device: '../data/F/difmap-sc/HR1099/HR1099F-I-sc.ps/vps'
loglevs 2
! The new contour levels are:
!  -2 2 4 8 16 32 64
cmul = 0
mapl cln
! Inverting map 
! restore: Substituting estimate of restoring beam from last 'invert'.
! Restoring with beam: 0.3847 x 0.9031 at -3.734 degrees (North through East)
! Clean map  min=-0.00040855  max=0.014029 Jy/beam
save ../data/F/difmap-sc/HR1099/HR1099F-I-sc
! Writing UV FITS file: ../data/F/difmap-sc/HR1099/HR1099F-I-sc.uvf
! Writing 1392 model components to file: ../data/F/difmap-sc/HR1099/HR1099F-I-sc.mod
! wwins: Wrote 5 windows to ../data/F/difmap-sc/HR1099/HR1099F-I-sc.win
! Writing clean map to FITS file: ../data/F/difmap-sc/HR1099/HR1099F-I-sc.fits
! Writing difmap environment to: ../data/F/difmap-sc/HR1099/HR1099F-I-sc.par
![Exited script file: muppet]
wmap "../data/F/difmap-sc/HR1099/HR1099F-I-sc.fits"
! Writing clean map to FITS file: ../data/F/difmap-sc/HR1099/HR1099F-I-sc.fits
quit
! Quitting program
! Log file ../data/F/difmap-sc/HR1099/HR1099F-I-sc.log closed on Mon Oct  2 08:11:18 2023
